mobile/manifest-merger-release-report.txt
-- Merging decision tree log ---
manifest
ADDED from AndroidManifest.xml:2:1
	xmlns:android
		ADDED from AndroidManifest.xml:2:11
	package
		ADDED from AndroidManifest.xml:3:5
		INJECTED from AndroidManifest.xml:0:0
		INJECTED from AndroidManifest.xml:0:0
	android:versionName
		ADDED from AndroidManifest.xml:5:5
	android:versionCode
		ADDED from AndroidManifest.xml:4:5
		INJECTED from AndroidManifest.xml:0:0
		INJECTED from AndroidManifest.xml:0:0
uses-permission#android.permission.INTERNET
ADDED from AndroidManifest.xml:8:5
	android:name
		ADDED from AndroidManifest.xml:8:22
uses-permission#android.permission.WRITE_EXTERNAL_STORAGE
ADDED from AndroidManifest.xml:9:5
	android:name
		ADDED from AndroidManifest.xml:9:22
uses-permission#android.permission.READ_EXTERNAL_STORAGE
ADDED from AndroidManifest.xml:10:5
	android:name
		ADDED from AndroidManifest.xml:10:22
uses-permission#android.permission.NFC
ADDED from AndroidManifest.xml:11:5
	android:name
		ADDED from AndroidManifest.xml:11:22
uses-permission#android.permission.CAMERA
ADDED from AndroidManifest.xml:12:5
	android:name
		ADDED from AndroidManifest.xml:12:22
uses-permission#android.permission.VIBRATE
ADDED from AndroidManifest.xml:13:5
	android:name
		ADDED from AndroidManifest.xml:13:22
uses-permission#android.permission.WAKE_LOCK
ADDED from AndroidManifest.xml:14:5
	android:name
		ADDED from AndroidManifest.xml:14:22
uses-permission#android.permission.BROADCAST_STICKY
ADDED from AndroidManifest.xml:15:5
	android:name
		ADDED from AndroidManifest.xml:15:22
uses-permission#android.permission.RECEIVE_BOOT_COMPLETED
ADDED from AndroidManifest.xml:16:5
	android:name
		ADDED from AndroidManifest.xml:16:22
uses-permission#android.permission.ACCESS_NETWORK_STATE
ADDED from AndroidManifest.xml:17:5
	android:name
		ADDED from AndroidManifest.xml:17:22
uses-permission#android.permission.READ_PHONE_STATE
ADDED from AndroidManifest.xml:18:5
	android:name
		ADDED from AndroidManifest.xml:18:22
uses-permission#android.permission.READ_CONTACTS
ADDED from AndroidManifest.xml:19:5
	android:name
		ADDED from AndroidManifest.xml:19:22
uses-permission#android.permission.RECEIVE_SMS
ADDED from AndroidManifest.xml:21:5
	android:name
		ADDED from AndroidManifest.xml:21:22
uses-permission#android.permission.SEND_SMS
ADDED from AndroidManifest.xml:22:5
	android:name
		ADDED from AndroidManifest.xml:22:22
uses-permission#android.permission.READ_SMS
ADDED from AndroidManifest.xml:23:5
	android:name
		ADDED from AndroidManifest.xml:23:22
uses-permission#com.google.android.permission.PROVIDE_BACKGROUND
ADDED from AndroidManifest.xml:25:5
	android:name
		ADDED from AndroidManifest.xml:26:9
uses-feature#android.hardware.nfc
ADDED from AndroidManifest.xml:29:5
	android:required
		ADDED from AndroidManifest.xml:31:9
	android:name
		ADDED from AndroidManifest.xml:30:9
uses-feature#android.hardware.camera
ADDED from AndroidManifest.xml:34:5
	android:required
		ADDED from AndroidManifest.xml:35:9
	android:name
		ADDED from AndroidManifest.xml:34:19
uses-feature#android.hardware.camera.autofocus
ADDED from AndroidManifest.xml:36:5
	android:required
		ADDED from AndroidManifest.xml:38:9
	android:name
		ADDED from AndroidManifest.xml:37:9
uses-feature#android.hardware.camera.flash
ADDED from AndroidManifest.xml:39:5
	android:required
		ADDED from AndroidManifest.xml:41:9
	android:name
		ADDED from AndroidManifest.xml:40:9
uses-feature#android.hardware.screen.landscape
ADDED from AndroidManifest.xml:42:5
	android:required
		ADDED from AndroidManifest.xml:43:9
	android:name
		ADDED from AndroidManifest.xml:42:19
uses-feature#android.hardware.wifi
ADDED from AndroidManifest.xml:44:5
	android:required
		ADDED from AndroidManifest.xml:46:9
	android:name
		ADDED from AndroidManifest.xml:45:9
uses-feature#android.hardware.touchscreen
ADDED from AndroidManifest.xml:47:5
	android:required
		ADDED from AndroidManifest.xml:49:9
	android:name
		ADDED from AndroidManifest.xml:48:9
uses-sdk
ADDED from AndroidManifest.xml:52:5
MERGED from com.android.support:support-v4:21.0.0:15:5
MERGED from com.google.android.gms:play-services-wearable:6.5.87:18:5
MERGED from com.google.android.gms:play-services-base:6.5.87:18:5
MERGED from com.android.support:support-v4:21.0.0:15:5
MERGED from AndroidManifest.xml:3:13
	android:targetSdkVersion
		ADDED from AndroidManifest.xml:54:9
		INJECTED from AndroidManifest.xml:0:0
		INJECTED from AndroidManifest.xml:0:0
	android:minSdkVersion
		ADDED from AndroidManifest.xml:53:9
		INJECTED from AndroidManifest.xml:0:0
		INJECTED from AndroidManifest.xml:0:0
supports-screens
ADDED from AndroidManifest.xml:57:5
	android:largeScreens
		ADDED from AndroidManifest.xml:59:9
	android:anyDensity
		ADDED from AndroidManifest.xml:58:9
	android:normalScreens
		ADDED from AndroidManifest.xml:60:9
	android:xlargeScreens
		ADDED from AndroidManifest.xml:62:9
	android:smallScreens
		ADDED from AndroidManifest.xml:61:9
application
ADDED from AndroidManifest.xml:64:5
MERGED from com.android.support:support-v4:21.0.0:16:5
MERGED from com.google.android.gms:play-services-wearable:6.5.87:19:5
MERGED from com.google.android.gms:play-services-base:6.5.87:20:5
MERGED from com.android.support:support-v4:21.0.0:16:5
MERGED from AndroidManifest.xml:4:5
	android:label
		ADDED from AndroidManifest.xml:68:9
	android:allowBackup
		ADDED from AndroidManifest.xml:66:9
	android:icon
		ADDED from AndroidManifest.xml:67:9
	android:theme
		ADDED from AndroidManifest.xml:69:9
	android:name
		ADDED from AndroidManifest.xml:65:9
meta-data#com.google.android.gms.version
ADDED from AndroidManifest.xml:72:9
MERGED from com.google.android.gms:play-services-base:6.5.87:21:9
	android:name
		ADDED from AndroidManifest.xml:73:13
	android:value
		ADDED from AndroidManifest.xml:74:13
activity#com.aegiswallet.actions.SplashScreenActivity
ADDED from AndroidManifest.xml:77:9
	android:screenOrientation
		ADDED from AndroidManifest.xml:80:13
	android:noHistory
		ADDED from AndroidManifest.xml:83:13
	android:label
		ADDED from AndroidManifest.xml:79:13
	android:theme
		ADDED from AndroidManifest.xml:81:13
	android:name
		ADDED from AndroidManifest.xml:78:13
	android:launchMode
		ADDED from AndroidManifest.xml:82:13
intent-filter#android.intent.action.MAIN+android.intent.category.LAUNCHER
ADDED from AndroidManifest.xml:84:13
action#android.intent.action.MAIN
ADDED from AndroidManifest.xml:85:17
	android:name
		ADDED from AndroidManifest.xml:85:25
category#android.intent.category.LAUNCHER
ADDED from AndroidManifest.xml:86:17
	android:name
		ADDED from AndroidManifest.xml:86:27
activity#com.aegiswallet.actions.MainActivity
ADDED from AndroidManifest.xml:90:9
	android:screenOrientation
		ADDED from AndroidManifest.xml:93:13
	android:noHistory
		ADDED from AndroidManifest.xml:95:13
	android:label
		ADDED from AndroidManifest.xml:92:13
	android:name
		ADDED from AndroidManifest.xml:91:13
	android:launchMode
		ADDED from AndroidManifest.xml:94:13
activity#com.aegiswallet.actions.AddressScanActivity
ADDED from AndroidManifest.xml:98:9
	android:screenOrientation
		ADDED from AndroidManifest.xml:102:13
	android:label
		ADDED from AndroidManifest.xml:101:13
	android:exported
		ADDED from AndroidManifest.xml:100:13
	android:name
		ADDED from AndroidManifest.xml:99:13
activity#com.aegiswallet.actions.ImportPrivateKeyActivity
ADDED from AndroidManifest.xml:107:9
	android:screenOrientation
		ADDED from AndroidManifest.xml:110:13
	android:label
		ADDED from AndroidManifest.xml:109:13
	android:exported
		ADDED from AndroidManifest.xml:108:13
	android:name
		ADDED from AndroidManifest.xml:107:19
activity#com.aegiswallet.actions.AddWatchAddressActivity
ADDED from AndroidManifest.xml:114:9
	android:screenOrientation
		ADDED from AndroidManifest.xml:117:13
	android:label
		ADDED from AndroidManifest.xml:116:13
	android:exported
		ADDED from AndroidManifest.xml:115:13
	android:name
		ADDED from AndroidManifest.xml:114:19
activity#com.aegiswallet.actions.RequestBitcoinActivity
ADDED from AndroidManifest.xml:121:9
	android:screenOrientation
		ADDED from AndroidManifest.xml:125:13
	android:noHistory
		ADDED from AndroidManifest.xml:126:13
	android:label
		ADDED from AndroidManifest.xml:124:13
	android:exported
		ADDED from AndroidManifest.xml:123:13
	android:name
		ADDED from AndroidManifest.xml:122:13
activity#com.aegiswallet.actions.ShowTransactionsActivity
ADDED from AndroidManifest.xml:130:9
	android:screenOrientation
		ADDED from AndroidManifest.xml:134:13
	android:noHistory
		ADDED from AndroidManifest.xml:135:13
	android:label
		ADDED from AndroidManifest.xml:133:13
	android:exported
		ADDED from AndroidManifest.xml:132:13
	android:name
		ADDED from AndroidManifest.xml:131:13
activity#com.aegiswallet.actions.ShowAddressesActivity
ADDED from AndroidManifest.xml:139:9
	android:screenOrientation
		ADDED from AndroidManifest.xml:143:13
	android:noHistory
		ADDED from AndroidManifest.xml:144:13
	android:label
		ADDED from AndroidManifest.xml:142:13
	android:exported
		ADDED from AndroidManifest.xml:141:13
	android:name
		ADDED from AndroidManifest.xml:140:13
activity#com.aegiswallet.actions.CurrencyActivity
ADDED from AndroidManifest.xml:148:9
	android:screenOrientation
		ADDED from AndroidManifest.xml:152:13
	android:noHistory
		ADDED from AndroidManifest.xml:153:13
	android:label
		ADDED from AndroidManifest.xml:151:13
	android:exported
		ADDED from AndroidManifest.xml:150:13
	android:name
		ADDED from AndroidManifest.xml:149:13
activity#com.aegiswallet.actions.InitAppAction
ADDED from AndroidManifest.xml:157:9
	android:screenOrientation
		ADDED from AndroidManifest.xml:161:13
	android:noHistory
		ADDED from AndroidManifest.xml:163:13
	android:label
		ADDED from AndroidManifest.xml:159:13
	android:theme
		ADDED from AndroidManifest.xml:162:13
	android:exported
		ADDED from AndroidManifest.xml:160:13
	android:name
		ADDED from AndroidManifest.xml:158:13
activity#com.aegiswallet.actions.NFCActivity
ADDED from AndroidManifest.xml:167:9
	android:screenOrientation
		ADDED from AndroidManifest.xml:171:13
	android:noHistory
		ADDED from AndroidManifest.xml:173:13
	android:label
		ADDED from AndroidManifest.xml:169:13
	android:theme
		ADDED from AndroidManifest.xml:172:13
	android:exported
		ADDED from AndroidManifest.xml:170:13
	android:name
		ADDED from AndroidManifest.xml:168:13
activity#com.aegiswallet.actions.SettingsActivity
ADDED from AndroidManifest.xml:177:9
	android:screenOrientation
		ADDED from AndroidManifest.xml:181:13
	android:noHistory
		ADDED from AndroidManifest.xml:182:13
	android:label
		ADDED from AndroidManifest.xml:179:13
	android:exported
		ADDED from AndroidManifest.xml:180:13
	android:name
		ADDED from AndroidManifest.xml:178:13
activity#com.aegiswallet.actions.AboutActivity
ADDED from AndroidManifest.xml:184:9
	android:screenOrientation
		ADDED from AndroidManifest.xml:188:13
	android:noHistory
		ADDED from AndroidManifest.xml:189:13
	android:label
		ADDED from AndroidManifest.xml:186:13
	android:exported
		ADDED from AndroidManifest.xml:187:13
	android:name
		ADDED from AndroidManifest.xml:185:13
activity#com.google.zxing.client.android.CaptureActivity
ADDED from AndroidManifest.xml:192:9
	android:windowSoftInputMode
		ADDED from AndroidManifest.xml:199:13
	android:screenOrientation
		ADDED from AndroidManifest.xml:196:13
	android:configChanges
		ADDED from AndroidManifest.xml:195:13
	android:theme
		ADDED from AndroidManifest.xml:198:13
	android:stateNotNeeded
		ADDED from AndroidManifest.xml:197:13
	android:clearTaskOnLaunch
		ADDED from AndroidManifest.xml:194:13
	android:name
		ADDED from AndroidManifest.xml:193:13
intent-filter#android.intent.category.DEFAULT+com.google.zxing.client.android.SCAN
ADDED from AndroidManifest.xml:200:13
action#com.google.zxing.client.android.SCAN
ADDED from AndroidManifest.xml:201:17
	android:name
		ADDED from AndroidManifest.xml:201:25
category#android.intent.category.DEFAULT
ADDED from AndroidManifest.xml:203:17
	android:name
		ADDED from AndroidManifest.xml:203:27
activity#com.aegiswallet.actions.ImportWalletActivity
ADDED from AndroidManifest.xml:207:9
	android:screenOrientation
		ADDED from AndroidManifest.xml:209:13
	android:noHistory
		ADDED from AndroidManifest.xml:211:13
	android:theme
		ADDED from AndroidManifest.xml:210:13
	android:name
		ADDED from AndroidManifest.xml:208:13
intent-filter#android.intent.action.VIEW+android.intent.category.DEFAULT
ADDED from AndroidManifest.xml:213:13
	android:label
		ADDED from AndroidManifest.xml:213:28
action#android.intent.action.VIEW
ADDED from AndroidManifest.xml:214:17
	android:name
		ADDED from AndroidManifest.xml:214:25
data
ADDED from AndroidManifest.xml:216:17
	android:mimeType
		ADDED from AndroidManifest.xml:216:23
receiver#com.aegiswallet.receivers.SMSReceiver
ADDED from AndroidManifest.xml:222:9
	android:name
		ADDED from AndroidManifest.xml:222:19
intent-filter#android.provider.Telephony.SMS_RECEIVED
ADDED from AndroidManifest.xml:223:13
	android:priority
		ADDED from AndroidManifest.xml:223:28
action#android.provider.Telephony.SMS_RECEIVED
ADDED from AndroidManifest.xml:224:17
	android:name
		ADDED from AndroidManifest.xml:224:25
service#com.aegiswallet.services.PeerBlockchainService
ADDED from AndroidManifest.xml:228:9
	android:exported
		ADDED from AndroidManifest.xml:230:13
	android:name
		ADDED from AndroidManifest.xml:229:13
service#com.aegiswallet.services.MessageListenService
ADDED from AndroidManifest.xml:232:9
	android:exported
		ADDED from AndroidManifest.xml:232:79
	android:name
		ADDED from AndroidManifest.xml:232:18
intent-filter#com.google.android.gms.wearable.BIND_LISTENER
ADDED from AndroidManifest.xml:233:13
action#com.google.android.gms.wearable.BIND_LISTENER
ADDED from AndroidManifest.xml:234:17
	android:name
		ADDED from AndroidManifest.xml:234:25
meta-data#com.google.android.wearable.beta.app
ADDED from AndroidManifest.xml:5:9
	android:resource
		ADDED from AndroidManifest.xml:6:20
	android:name
		ADDED from AndroidManifest.xml:5:20